<?xml version="1.0" encoding="UTF-8"?>
<!-- Generated by org.testng.reporters.JUnitXMLReporter -->
<testsuite hostname="lenovo-PC" ignored="9" tests="1" failures="0" timestamp="07 三月 2019 00:23:50 GMT" time="93.512" errors="0">
  <testcase name="testEditProfile" time="44.396" classname="TestCustomer"/>
  <testcase name="testBookService" time="0.0" classname="TestCustomer">
    <ignored/>
  </testcase> <!-- testBookService -->
  <testcase name="testAddAddress" time="0.0" classname="TestCustomer">
    <ignored/>
  </testcase> <!-- testAddAddress -->
  <testcase name="testCustomerRegister" time="0.0" classname="TestCustomer">
    <ignored/>
  </testcase> <!-- testCustomerRegister -->
  <testcase name="testCancelOrder" time="0.0" classname="TestCustomer">
    <ignored/>
  </testcase> <!-- testCancelOrder -->
  <testcase name="testChangePassword" time="0.0" classname="TestCustomer">
    <ignored/>
  </testcase> <!-- testChangePassword -->
  <testcase name="testChangeProfilePicture" time="0.0" classname="TestCustomer">
    <ignored/>
  </testcase> <!-- testChangeProfilePicture -->
  <testcase name="testLeaveOrderMessage" time="0.0" classname="TestCustomer">
    <ignored/>
  </testcase> <!-- testLeaveOrderMessage -->
  <testcase name="testLoginPage" time="0.0" classname="TestCustomer">
    <ignored/>
  </testcase> <!-- testLoginPage -->
  <testcase name="testFindPassword" time="0.0" classname="TestCustomer">
    <ignored/>
  </testcase> <!-- testFindPassword -->
</testsuite>
