<?xml version="1.0" encoding="UTF-8"?>
<!-- Generated by org.testng.reporters.JUnitXMLReporter -->
<testsuite hostname="lenovo-PC" ignored="9" tests="1" failures="0" timestamp="06 三月 2019 11:20:21 GMT" time="66.41" errors="0">
  <testcase name="@BeforeTest setup" time="66.381" classname="TestCustomer">
    <failure type="java.lang.NullPointerException">
      <![CDATA[java.lang.NullPointerException
at TestCustomer.setup(TestCustomer.java:52)
... Removed 23 stack frames]]>
    </failure>
  </testcase> <!-- @BeforeTest setup -->
  <testcase name="@AfterTest quit" time="0.0" classname="TestCustomer">
    <skipped/>
  </testcase> <!-- @AfterTest quit -->
  <testcase name="testEditProfile" time="0.0" classname="TestCustomer">
    <skipped/>
  </testcase> <!-- testEditProfile -->
  <testcase name="testBookService" time="0.0" classname="TestCustomer">
    <ignored/>
  </testcase> <!-- testBookService -->
  <testcase name="testAddAddress" time="0.0" classname="TestCustomer">
    <ignored/>
  </testcase> <!-- testAddAddress -->
  <testcase name="testCustomerRegister" time="0.0" classname="TestCustomer">
    <ignored/>
  </testcase> <!-- testCustomerRegister -->
  <testcase name="testCancelOrder" time="0.0" classname="TestCustomer">
    <ignored/>
  </testcase> <!-- testCancelOrder -->
  <testcase name="testChangePassword" time="0.0" classname="TestCustomer">
    <ignored/>
  </testcase> <!-- testChangePassword -->
  <testcase name="testChangeProfilePicture" time="0.0" classname="TestCustomer">
    <ignored/>
  </testcase> <!-- testChangeProfilePicture -->
  <testcase name="testLeaveOrderMessage" time="0.0" classname="TestCustomer">
    <ignored/>
  </testcase> <!-- testLeaveOrderMessage -->
  <testcase name="testLoginPage" time="0.0" classname="TestCustomer">
    <ignored/>
  </testcase> <!-- testLoginPage -->
  <testcase name="testFindPassword" time="0.0" classname="TestCustomer">
    <ignored/>
  </testcase> <!-- testFindPassword -->
</testsuite>
