<?xml version="1.0" encoding="UTF-8"?>
<!-- Generated by org.testng.reporters.JUnitXMLReporter -->
<testsuite hostname="lenovo-PC" ignored="7" name="testing1" tests="2" failures="0" timestamp="14 一月 2019 03:46:57 GMT" time="13.597" errors="0">
  <testcase name="testHomePage" time="3.209" classname="TestCustomer"/>
  <testcase name="testRegisterPage" time="6.75" classname="TestCustomer"/>
  <testcase name="testFindPassword" time="0.0" classname="TestCustomer">
    <ignored/>
  </testcase> <!-- testFindPassword -->
  <testcase name="testEditFirstAddress" time="0.0" classname="TestCustomer">
    <ignored/>
  </testcase> <!-- testEditFirstAddress -->
  <testcase name="testLoginPage" time="0.0" classname="TestCustomer">
    <ignored/>
  </testcase> <!-- testLoginPage -->
  <testcase name="testEditProfile" time="0.0" classname="TestCustomer">
    <ignored/>
  </testcase> <!-- testEditProfile -->
  <testcase name="testChangePassword" time="0.0" classname="TestCustomer">
    <ignored/>
  </testcase> <!-- testChangePassword -->
  <testcase name="testAddNewAddress" time="0.0" classname="TestCustomer">
    <ignored/>
  </testcase> <!-- testAddNewAddress -->
  <testcase name="testChangePicture" time="0.0" classname="TestCustomer">
    <ignored/>
  </testcase> <!-- testChangePicture -->
</testsuite> <!-- testing1 -->
