<?xml version="1.0" encoding="UTF-8"?>
<testng-results skipped="0" failed="0" ignored="6" total="7" passed="1">
  <reporter-output>
    <line>
      <![CDATA[陈隽尔chenjuner]]>
    </line>
  </reporter-output>
  <suite name="Default Suite" duration-ms="123300" started-at="2019-03-05T05:04:54Z" finished-at="2019-03-05T05:06:57Z">
    <groups>
      <group name="editProfile">
        <method signature="TestCustomer.testEditProfile()[pri:3, instance:TestCustomer@222114ba]" name="testEditProfile" class="TestCustomer"/>
      </group> <!-- editProfile -->
    </groups>
    <test name="Service365-TestAutomation" duration-ms="123300" started-at="2019-03-05T05:04:54Z" finished-at="2019-03-05T05:06:57Z">
      <class name="TestCustomer">
        <test-method status="PASS" signature="setup()[pri:0, instance:TestCustomer@222114ba]" name="setup" is-config="true" duration-ms="7429" started-at="2019-03-05T05:04:54Z" finished-at="2019-03-05T05:05:01Z">
          <reporter-output>
          </reporter-output>
        </test-method> <!-- setup -->
        <test-method status="PASS" signature="testEditProfile()[pri:3, instance:TestCustomer@222114ba]" name="testEditProfile" duration-ms="101695" started-at="2019-03-05T05:05:01Z" finished-at="2019-03-05T05:06:43Z">
          <reporter-output>
            <line>
              <![CDATA[陈隽尔chenjuner]]>
            </line>
          </reporter-output>
        </test-method> <!-- testEditProfile -->
      </class> <!-- TestCustomer -->
    </test> <!-- Service365-TestAutomation -->
  </suite> <!-- Default Suite -->
</testng-results>
