<?xml version="1.0" encoding="UTF-8"?>
<testng-results skipped="0" failed="0" ignored="3" total="4" passed="1">
  <reporter-output>
    <line>
      <![CDATA[testDeleteExternalOrder case pass]]>
    </line>
  </reporter-output>
  <suite name="Default Suite" duration-ms="60211" started-at="2019-03-10T09:18:35Z" finished-at="2019-03-10T09:19:35Z">
    <groups>
    </groups>
    <test name="Service365-TestAutomation" duration-ms="60211" started-at="2019-03-10T09:18:35Z" finished-at="2019-03-10T09:19:35Z">
      <class name="TestProvider">
        <test-method status="PASS" signature="setup(java.lang.String)[pri:0, instance:TestProvider@60704c]" name="setup" is-config="true" duration-ms="32" started-at="2019-03-10T09:18:35Z" finished-at="2019-03-10T09:18:35Z">
          <params>
            <param index="0">
              <value>
                <![CDATA[DEV]]>
              </value>
            </param>
          </params>
          <reporter-output>
          </reporter-output>
        </test-method> <!-- setup -->
        <test-method status="PASS" signature="setHomePage()[pri:0, instance:TestProvider@60704c]" name="setHomePage" is-config="true" duration-ms="6752" started-at="2019-03-10T09:18:35Z" finished-at="2019-03-10T09:18:42Z">
          <reporter-output>
          </reporter-output>
        </test-method> <!-- setHomePage -->
        <test-method status="PASS" signature="testDeleteExternalOrder()[pri:0, instance:TestProvider@60704c]" name="testDeleteExternalOrder" duration-ms="50474" started-at="2019-03-10T09:18:42Z" finished-at="2019-03-10T09:19:32Z">
          <reporter-output>
            <line>
              <![CDATA[testDeleteExternalOrder case pass]]>
            </line>
          </reporter-output>
        </test-method> <!-- testDeleteExternalOrder -->
        <test-method status="PASS" signature="closeDriver()[pri:0, instance:TestProvider@60704c]" name="closeDriver" is-config="true" duration-ms="2325" started-at="2019-03-10T09:19:32Z" finished-at="2019-03-10T09:19:34Z">
          <reporter-output>
          </reporter-output>
        </test-method> <!-- closeDriver -->
        <test-method status="PASS" signature="quit()[pri:0, instance:TestProvider@60704c]" name="quit" is-config="true" duration-ms="605" started-at="2019-03-10T09:19:34Z" finished-at="2019-03-10T09:19:35Z">
          <reporter-output>
          </reporter-output>
        </test-method> <!-- quit -->
      </class> <!-- TestProvider -->
    </test> <!-- Service365-TestAutomation -->
  </suite> <!-- Default Suite -->
</testng-results>
